0 info it worked if it ends with ok
1 verbose cli [ '/usr/local/bin/node', '/usr/local/bin/npm', 'run', 'build' ]
2 info using npm@3.9.0
3 info using node@v8.9.1
4 verbose run-script [ 'prebuild', 'build', 'postbuild' ]
5 info lifecycle tvs-painter@0.1.0~prebuild: tvs-painter@0.1.0
6 silly lifecycle tvs-painter@0.1.0~prebuild: no script for prebuild, continuing
7 info lifecycle tvs-painter@0.1.0~build: tvs-painter@0.1.0
8 verbose lifecycle tvs-painter@0.1.0~build: unsafe-perm in lifecycle true
9 verbose lifecycle tvs-painter@0.1.0~build: PATH: /usr/local/lib/node_modules/npm/bin/node-gyp-bin:/Users/trival/projects/web/trivialspace/playground/libs/painter/node_modules/.bin:/usr/local/bin:/Users/trival/projects/web/trivialspace/playground/libs/painter/node_modules/.bin:/Users/trival/.config/yarn/link/node_modules/.bin:/Users/trival/projects/web/trivialspace/playground/libs/painter/node_modules/.bin:/Users/trival/.config/yarn/link/node_modules/.bin:/usr/local/lib/node_modules/npm/bin/node-gyp-bin:/usr/local/bin/node_modules/npm/bin/node-gyp-bin:/Users/trival/bin/apache-maven-3.3.9/bin:/Users/trival/bin:/opt/local/bin:/opt/local/sbin:/usr/local/bin:/usr/bin:/bin:/usr/sbin:/sbin:/opt/X11/bin:/Library/TeX/texbin:/Users/trival/bin/apache-maven-3.3.9/bin:/Users/trival/bin:/opt/local/bin:/opt/local/sbin
10 verbose lifecycle tvs-painter@0.1.0~build: CWD: /Users/trival/projects/web/trivialspace/playground/libs/painter
11 silly lifecycle tvs-painter@0.1.0~build: Args: [ '-c', 'tsc; webpack' ]
12 silly lifecycle tvs-painter@0.1.0~build: Returned: code: 2  signal: null
13 info lifecycle tvs-painter@0.1.0~build: Failed to exec build script
14 verbose stack Error: tvs-painter@0.1.0 build: `tsc; webpack`
14 verbose stack Exit status 2
14 verbose stack     at EventEmitter.<anonymous> (/usr/local/lib/node_modules/npm/lib/utils/lifecycle.js:245:16)
14 verbose stack     at emitTwo (events.js:126:13)
14 verbose stack     at EventEmitter.emit (events.js:214:7)
14 verbose stack     at ChildProcess.<anonymous> (/usr/local/lib/node_modules/npm/lib/utils/spawn.js:24:14)
14 verbose stack     at emitTwo (events.js:126:13)
14 verbose stack     at ChildProcess.emit (events.js:214:7)
14 verbose stack     at maybeClose (internal/child_process.js:925:16)
14 verbose stack     at Process.ChildProcess._handle.onexit (internal/child_process.js:209:5)
15 verbose pkgid tvs-painter@0.1.0
16 verbose cwd /Users/trival/projects/web/trivialspace/playground/libs/painter
17 error Darwin 15.6.0
18 error argv "/usr/local/bin/node" "/usr/local/bin/npm" "run" "build"
19 error node v8.9.1
20 error npm  v3.9.0
21 error code ELIFECYCLE
22 error tvs-painter@0.1.0 build: `tsc; webpack`
22 error Exit status 2
23 error Failed at the tvs-painter@0.1.0 build script 'tsc; webpack'.
23 error Make sure you have the latest version of node.js and npm installed.
23 error If you do, this is most likely a problem with the tvs-painter package,
23 error not with npm itself.
23 error Tell the author that this fails on your system:
23 error     tsc; webpack
23 error You can get information on how to open an issue for this project with:
23 error     npm bugs tvs-painter
23 error Or if that isn't available, you can get their info via:
23 error     npm owner ls tvs-painter
23 error There is likely additional logging output above.
24 verbose exit [ 1, true ]
